WARN [11-05|10:42:40.863] Sanitizing cache to Go's GC limits       provided=2048 updated=319
INFO [11-05|10:42:40.864] Maximum peer count                       ETH=50 LES=0 total=50
WARN [11-05|10:42:40.864] The flag --rpc is deprecated and will be removed in the future, please use --http 
WARN [11-05|10:42:40.864] The flag --rpcaddr is deprecated and will be removed in the future, please use --http.addr 
WARN [11-05|10:42:40.864] The flag --rpcport is deprecated and will be removed in the future, please use --http.port 
WARN [11-05|10:42:40.864] The flag --rpccorsdomain is deprecated and will be removed in the future, please use --http.corsdomain 
WARN [11-05|10:42:40.864] The flag --rpcapi is deprecated and will be removed in the future, please use --http.api 
INFO [11-05|10:42:40.864] Smartcard socket not found, disabling    err="stat /run/pcscd/pcscd.comm: no such file or directory"
ERROR[11-05|10:42:40.864] Failed to enumerate USB devices          hub=ledger vendor=11415 failcount=1 err="failed to initialize libusb: libusb: unknown error [code -99]"
ERROR[11-05|10:42:40.864] Failed to enumerate USB devices          hub=trezor vendor=21324 failcount=1 err="failed to initialize libusb: libusb: unknown error [code -99]"
ERROR[11-05|10:42:40.864] Failed to enumerate USB devices          hub=trezor vendor=4617  failcount=1 err="failed to initialize libusb: libusb: unknown error [code -99]"
ERROR[11-05|10:42:40.864] Failed to enumerate USB devices          hub=ledger vendor=11415 failcount=2 err="failed to initialize libusb: libusb: unknown error [code -99]"
ERROR[11-05|10:42:40.864] Failed to enumerate USB devices          hub=trezor vendor=21324 failcount=2 err="failed to initialize libusb: libusb: unknown error [code -99]"
ERROR[11-05|10:42:40.864] Failed to enumerate USB devices          hub=trezor vendor=4617  failcount=2 err="failed to initialize libusb: libusb: unknown error [code -99]"
INFO [11-05|10:42:40.865] Set global gas cap                       cap=25000000
INFO [11-05|10:42:40.865] Allocated trie memory caches             clean=157.00MiB dirty=0.00B
INFO [11-05|10:42:40.865] Allocated cache and file handles         database=/home/dev/work/poa/signer1/data/geth/chaindata cache=159.00MiB handles=524288
INFO [11-05|10:42:40.885] Opened ancient database                  database=/home/dev/work/poa/signer1/data/geth/chaindata/ancient
INFO [11-05|10:42:40.886] Initialised chain configuration          config="{ChainID: 17843 Homestead: 1 DAO: <nil> DAOSupport: false EIP150: 2 EIP155: 3 EIP158: 3 Byzantium: 4 Constantinople: 5 Petersburg: <nil> Istanbul: <nil>, Muir Glacier: <nil>, YOLO v2: <nil>, Engine: clique}"
INFO [11-05|10:42:40.886] Initialising Ethereum protocol           versions="[65 64 63]" network=121 dbversion=<nil>
WARN [11-05|10:42:40.886] Upgrade blockchain database version      from=<nil> to=8
INFO [11-05|10:42:40.886] Loaded most recent local header          number=0 hash="dce08a…444eb0" td=1 age=11mo2w5d
INFO [11-05|10:42:40.886] Loaded most recent local full block      number=0 hash="dce08a…444eb0" td=1 age=11mo2w5d
INFO [11-05|10:42:40.886] Loaded most recent local fast block      number=0 hash="dce08a…444eb0" td=1 age=11mo2w5d
INFO [11-05|10:42:40.887] Regenerated local transaction journal    transactions=0 accounts=0
INFO [11-05|10:42:40.889] Allocated fast sync bloom                size=157.00MiB
INFO [11-05|10:42:40.890] Starting peer-to-peer node               instance=Geth/v1.9.24-unstable-175506e7-20201104/linux-amd64/go1.13.8
INFO [11-05|10:42:40.907] New local node record                    seq=1 id=0225f3eba0094e56 ip=127.0.0.1 udp=18024 tcp=18024
INFO [11-05|10:42:40.909] IPC endpoint opened                      url=/home/dev/work/poa/signer1/data/geth.ipc
ERROR[11-05|10:42:40.909] Unavailable modules in HTTP API list     unavailable=[db] available="[admin debug web3 eth txpool personal clique miner net]"
INFO [11-05|10:42:40.911] Started P2P networking                   self=enode://a4132150a2f8088bfcd96a1c93b28465ccbafcd819611e73b095e2cc1855e33d6b737cef94b173404aaf15e056a5539d6dd26daee70f991077917663ad17f452@127.0.0.1:18024
INFO [11-05|10:42:40.912] HTTP server started                      endpoint=[::]:20636 cors=* vhosts=localhost
Fatal: Failed to read password file: open myPwd: no such file or directory
